<?xml version="1.0" encoding="UTF-8"?>
<!-- Generated by org.testng.reporters.JUnitReportReporter -->
<testsuite hostname="DESKTOP-IN8JAH5" failures="0" tests="1" name="com.practice.qa.base.TestBase" time="6.135" errors="0" timestamp="2024-02-23T15:44:48 IST" skipped="0">
  <testcase classname="com.practice.qa.base.TestBase" name="launchBrowser" time="6.135"/>
</testsuite> <!-- com.practice.qa.base.TestBase -->
