<?xml version="1.0" encoding="UTF-8"?>
<!-- Generated by org.testng.reporters.JUnitReportReporter -->
<testsuite hostname="DESKTOP-IN8JAH5" failures="0" tests="4" name="com.practice.qa.Test.LoginPageTest" time="104.414" errors="0" timestamp="2024-02-25T11:18:51 IST" skipped="0">
  <testcase classname="com.practice.qa.Test.LoginPageTest" name="VerifyHeader" time="14.755"/>
  <testcase classname="com.practice.qa.Test.LoginPageTest" name="ValidateSearchFeature" time="18.121"/>
  <testcase classname="com.practice.qa.Test.LoginPageTest" name="validateLoginButton" time="11.640"/>
  <testcase classname="com.practice.qa.Test.LoginPageTest" name="loginPopup" time="59.898"/>
</testsuite> <!-- com.practice.qa.Test.LoginPageTest -->
